<?xml version="1.0" encoding="UTF-8"?>
<testsuite xmlns:xsi="http://www.w3.org/2001/XMLSchema-instance" xsi:noNamespaceSchemaLocation="https://maven.apache.org/surefire/maven-surefire-plugin/xsd/surefire-test-report.xsd" name="TestSuite" time="2.068" tests="3" errors="0" skipped="0" failures="3">
  <properties>
[...]
</properties>
  <testcase name="testCalculateAgeCorrectDate on testCalculateAgeCorrectDate(com.cognizant.AgeTests)" classname="com.cognizant.AgeTests" time="0.198">
    <failure type="java.lang.ExceptionInInitializerError">java.lang.ExceptionInInitializerError
	at com.cognizant.AgeTests.setUp(AgeTests.java:33)
Caused by: java.lang.reflect.InaccessibleObjectException: Unable to make protected final java.lang.Class java.lang.ClassLoader.defineClass(java.lang.String,byte[],int,int,java.security.ProtectionDomain) throws java.lang.ClassFormatError accessible: module java.base does not "opens java.lang" to unnamed module @3498ed
	at com.cognizant.AgeTests.setUp(AgeTests.java:33)
</failure>
  </testcase>
  <testcase name="testCalculateAgeInvalidDate on testCalculateAgeInvalidDate(com.cognizant.AgeTests)" classname="com.cognizant.AgeTests" time="0">
    <failure message="Could not initialize class org.mockito.internal.creation.cglib.ClassImposterizer$3" type="java.lang.NoClassDefFoundError">java.lang.NoClassDefFoundError: Could not initialize class org.mockito.internal.creation.cglib.ClassImposterizer$3
	at com.cognizant.AgeTests.setUp(AgeTests.java:33)
Caused by: java.lang.ExceptionInInitializerError: Exception java.lang.ExceptionInInitializerError [in thread "main"]
	at com.cognizant.AgeTests.setUp(AgeTests.java:33)
</failure>
  </testcase>
  <testcase name="testAgeCalculatorServlet on testAgeCalculatorServlet(com.cognizant.AgeTests)" classname="com.cognizant.AgeTests" time="0.004">
    <failure message="Could not initialize class org.mockito.internal.creation.cglib.ClassImposterizer$3" type="java.lang.NoClassDefFoundError">java.lang.NoClassDefFoundError: Could not initialize class org.mockito.internal.creation.cglib.ClassImposterizer$3
	at com.cognizant.AgeTests.setUp(AgeTests.java:33)
Caused by: java.lang.ExceptionInInitializerError: Exception java.lang.ExceptionInInitializerError [in thread "main"]
	at com.cognizant.AgeTests.setUp(AgeTests.java:33)
</failure>
  </testcase>
</testsuite>